-------------------------------------------------------------------------------
Test set: hcmute.ec.pa_ec_22_08.auction_web.AuctionWebApplicationTests
-------------------------------------------------------------------------------
Tests run: 1, Failures: 0, Errors: 1, Skipped: 0, Time elapsed: 6.361 s <<< FAILURE! - in hcmute.ec.pa_ec_22_08.auction_web.AuctionWebApplicationTests
contextLoads  Time elapsed: 0.001 s  <<< ERROR!
java.lang.IllegalStateException: Failed to load ApplicationContext
Caused by: org.springframework.beans.factory.UnsatisfiedDependencyException: Error creating bean with name 'webSecurityConfig': Unsatisfied dependency expressed through field 'tokenAuthenticationFilter'; nested exception is org.springframework.beans.factory.UnsatisfiedDependencyException: Error creating bean with name 'tokenAuthenticationFilterImpl': Unsatisfied dependency expressed through field 'tokenService'; nested exception is org.springframework.beans.factory.UnsatisfiedDependencyException: Error creating bean with name 'tokenService' defined in file [B:\GitHub\auction_web_BE\target\classes\hcmute\ec\pa_ec_22_08\auction_web\service\TokenService.class]: Unsatisfied dependency expressed through constructor parameter 0; nested exception is org.springframework.beans.factory.BeanCreationException: Error creating bean with name 'tokenItemRepository' defined in hcmute.ec.pa_ec_22_08.auction_web.repository.TokenItemRepository defined in @EnableJpaRepositories declared on JpaRepositoriesRegistrar.EnableJpaRepositoriesConfiguration: Invocation of init method failed; nested exception is org.springframework.data.repository.query.QueryCreationException: Could not create query for public abstract java.util.Optional hcmute.ec.pa_ec_22_08.auction_web.repository.TokenItemRepository.findByTokenId(java.lang.String); Reason: Failed to create query for method public abstract java.util.Optional hcmute.ec.pa_ec_22_08.auction_web.repository.TokenItemRepository.findByTokenId(java.lang.String)! No property 'id' found for type 'String' Traversed path: TokenItem.token.; nested exception is java.lang.IllegalArgumentException: Failed to create query for method public abstract java.util.Optional hcmute.ec.pa_ec_22_08.auction_web.repository.TokenItemRepository.findByTokenId(java.lang.String)! No property 'id' found for type 'String' Traversed path: TokenItem.token.
Caused by: org.springframework.beans.factory.UnsatisfiedDependencyException: Error creating bean with name 'tokenAuthenticationFilterImpl': Unsatisfied dependency expressed through field 'tokenService'; nested exception is org.springframework.beans.factory.UnsatisfiedDependencyException: Error creating bean with name 'tokenService' defined in file [B:\GitHub\auction_web_BE\target\classes\hcmute\ec\pa_ec_22_08\auction_web\service\TokenService.class]: Unsatisfied dependency expressed through constructor parameter 0; nested exception is org.springframework.beans.factory.BeanCreationException: Error creating bean with name 'tokenItemRepository' defined in hcmute.ec.pa_ec_22_08.auction_web.repository.TokenItemRepository defined in @EnableJpaRepositories declared on JpaRepositoriesRegistrar.EnableJpaRepositoriesConfiguration: Invocation of init method failed; nested exception is org.springframework.data.repository.query.QueryCreationException: Could not create query for public abstract java.util.Optional hcmute.ec.pa_ec_22_08.auction_web.repository.TokenItemRepository.findByTokenId(java.lang.String); Reason: Failed to create query for method public abstract java.util.Optional hcmute.ec.pa_ec_22_08.auction_web.repository.TokenItemRepository.findByTokenId(java.lang.String)! No property 'id' found for type 'String' Traversed path: TokenItem.token.; nested exception is java.lang.IllegalArgumentException: Failed to create query for method public abstract java.util.Optional hcmute.ec.pa_ec_22_08.auction_web.repository.TokenItemRepository.findByTokenId(java.lang.String)! No property 'id' found for type 'String' Traversed path: TokenItem.token.
Caused by: org.springframework.beans.factory.UnsatisfiedDependencyException: Error creating bean with name 'tokenService' defined in file [B:\GitHub\auction_web_BE\target\classes\hcmute\ec\pa_ec_22_08\auction_web\service\TokenService.class]: Unsatisfied dependency expressed through constructor parameter 0; nested exception is org.springframework.beans.factory.BeanCreationException: Error creating bean with name 'tokenItemRepository' defined in hcmute.ec.pa_ec_22_08.auction_web.repository.TokenItemRepository defined in @EnableJpaRepositories declared on JpaRepositoriesRegistrar.EnableJpaRepositoriesConfiguration: Invocation of init method failed; nested exception is org.springframework.data.repository.query.QueryCreationException: Could not create query for public abstract java.util.Optional hcmute.ec.pa_ec_22_08.auction_web.repository.TokenItemRepository.findByTokenId(java.lang.String); Reason: Failed to create query for method public abstract java.util.Optional hcmute.ec.pa_ec_22_08.auction_web.repository.TokenItemRepository.findByTokenId(java.lang.String)! No property 'id' found for type 'String' Traversed path: TokenItem.token.; nested exception is java.lang.IllegalArgumentException: Failed to create query for method public abstract java.util.Optional hcmute.ec.pa_ec_22_08.auction_web.repository.TokenItemRepository.findByTokenId(java.lang.String)! No property 'id' found for type 'String' Traversed path: TokenItem.token.
Caused by: org.springframework.beans.factory.BeanCreationException: Error creating bean with name 'tokenItemRepository' defined in hcmute.ec.pa_ec_22_08.auction_web.repository.TokenItemRepository defined in @EnableJpaRepositories declared on JpaRepositoriesRegistrar.EnableJpaRepositoriesConfiguration: Invocation of init method failed; nested exception is org.springframework.data.repository.query.QueryCreationException: Could not create query for public abstract java.util.Optional hcmute.ec.pa_ec_22_08.auction_web.repository.TokenItemRepository.findByTokenId(java.lang.String); Reason: Failed to create query for method public abstract java.util.Optional hcmute.ec.pa_ec_22_08.auction_web.repository.TokenItemRepository.findByTokenId(java.lang.String)! No property 'id' found for type 'String' Traversed path: TokenItem.token.; nested exception is java.lang.IllegalArgumentException: Failed to create query for method public abstract java.util.Optional hcmute.ec.pa_ec_22_08.auction_web.repository.TokenItemRepository.findByTokenId(java.lang.String)! No property 'id' found for type 'String' Traversed path: TokenItem.token.
Caused by: org.springframework.data.repository.query.QueryCreationException: Could not create query for public abstract java.util.Optional hcmute.ec.pa_ec_22_08.auction_web.repository.TokenItemRepository.findByTokenId(java.lang.String); Reason: Failed to create query for method public abstract java.util.Optional hcmute.ec.pa_ec_22_08.auction_web.repository.TokenItemRepository.findByTokenId(java.lang.String)! No property 'id' found for type 'String' Traversed path: TokenItem.token.; nested exception is java.lang.IllegalArgumentException: Failed to create query for method public abstract java.util.Optional hcmute.ec.pa_ec_22_08.auction_web.repository.TokenItemRepository.findByTokenId(java.lang.String)! No property 'id' found for type 'String' Traversed path: TokenItem.token.
Caused by: java.lang.IllegalArgumentException: Failed to create query for method public abstract java.util.Optional hcmute.ec.pa_ec_22_08.auction_web.repository.TokenItemRepository.findByTokenId(java.lang.String)! No property 'id' found for type 'String' Traversed path: TokenItem.token.
Caused by: org.springframework.data.mapping.PropertyReferenceException: No property 'id' found for type 'String' Traversed path: TokenItem.token.

