-------------------------------------------------------------------------------
Test set: hcmute.ec.pa_ec_22_08.auction_web.AuctionWebApplicationTests
-------------------------------------------------------------------------------
Tests run: 1, Failures: 0, Errors: 1, Skipped: 0, Time elapsed: 11.431 s <<< FAILURE! - in hcmute.ec.pa_ec_22_08.auction_web.AuctionWebApplicationTests
contextLoads  Time elapsed: 0.001 s  <<< ERROR!
java.lang.IllegalStateException: Failed to load ApplicationContext
Caused by: org.springframework.beans.factory.BeanCreationException: Error creating bean with name 'entityManagerFactory' defined in class path resource [org/springframework/boot/autoconfigure/orm/jpa/HibernateJpaConfiguration.class]: Invocation of init method failed; nested exception is org.hibernate.AnnotationException: Illegal attempt to map a non collection as a @OneToMany, @ManyToMany or @CollectionOfElements: hcmute.ec.pa_ec_22_08.auction_web.entity.Auction.auctionHistory
Caused by: org.hibernate.AnnotationException: Illegal attempt to map a non collection as a @OneToMany, @ManyToMany or @CollectionOfElements: hcmute.ec.pa_ec_22_08.auction_web.entity.Auction.auctionHistory

