-------------------------------------------------------------------------------
Test set: hcmute.ec.pa_ec_22_08.auction_web.AuctionWebApplicationTests
-------------------------------------------------------------------------------
Tests run: 1, Failures: 0, Errors: 1, Skipped: 0, Time elapsed: 40.771 s <<< FAILURE! - in hcmute.ec.pa_ec_22_08.auction_web.AuctionWebApplicationTests
contextLoads  Time elapsed: 0.002 s  <<< ERROR!
java.lang.IllegalStateException: Failed to load ApplicationContext
Caused by: org.springframework.beans.factory.BeanCreationException: Error creating bean with name 'entityManagerFactory' defined in class path resource [org/springframework/boot/autoconfigure/orm/jpa/HibernateJpaConfiguration.class]: Invocation of init method failed; nested exception is javax.persistence.PersistenceException: [PersistenceUnit: default] Unable to build Hibernate SessionFactory; nested exception is org.hibernate.MappingException: Could not determine type for: java.util.List, at table: product, for columns: [org.hibernate.mapping.Column(product_images)]
Caused by: javax.persistence.PersistenceException: [PersistenceUnit: default] Unable to build Hibernate SessionFactory; nested exception is org.hibernate.MappingException: Could not determine type for: java.util.List, at table: product, for columns: [org.hibernate.mapping.Column(product_images)]
Caused by: org.hibernate.MappingException: Could not determine type for: java.util.List, at table: product, for columns: [org.hibernate.mapping.Column(product_images)]

